<?xml version="1.0" encoding="UTF-8"?>
<testsuite xmlns:xsi="http://www.w3.org/2001/XMLSchema-instance" xsi:noNamespaceSchemaLocation="https://maven.apache.org/surefire/maven-surefire-plugin/xsd/surefire-test-report.xsd" name="com.seleniumexpress.spring.SpringInversrionOfControl.AppTest" time="0.02" tests="1" errors="0" skipped="0" failures="0">
  <properties>
    <property name="java.specification.version" value="17"/>
    <property name="sun.cpu.isalist" value="amd64"/>
    <property name="sun.jnu.encoding" value="Cp1252"/>
    <property name="java.class.path" value="D:\eclipse_workspace\Spring\SpringInversrionOfControl\target\test-classes;D:\eclipse_workspace\Spring\SpringInversrionOfControl\target\classes;C:\Users\prabh\.m2\repository\junit\junit\4.11\junit-4.11.jar;C:\Users\prabh\.m2\repository\org\hamcrest\hamcrest-core\1.3\hamcrest-core-1.3.jar;C:\Users\prabh\.m2\repository\org\springframework\spring-context-support\6.1.0\spring-context-support-6.1.0.jar;C:\Users\prabh\.m2\repository\org\springframework\spring-beans\6.1.0\spring-beans-6.1.0.jar;C:\Users\prabh\.m2\repository\org\springframework\spring-context\6.1.0\spring-context-6.1.0.jar;C:\Users\prabh\.m2\repository\org\springframework\spring-aop\6.1.0\spring-aop-6.1.0.jar;C:\Users\prabh\.m2\repository\org\springframework\spring-expression\6.1.0\spring-expression-6.1.0.jar;C:\Users\prabh\.m2\repository\io\micrometer\micrometer-observation\1.12.0\micrometer-observation-1.12.0.jar;C:\Users\prabh\.m2\repository\io\micrometer\micrometer-commons\1.12.0\micrometer-commons-1.12.0.jar;C:\Users\prabh\.m2\repository\org\springframework\spring-core\6.1.0\spring-core-6.1.0.jar;C:\Users\prabh\.m2\repository\org\springframework\spring-jcl\6.1.0\spring-jcl-6.1.0.jar;"/>
    <property name="java.vm.vendor" value="Eclipse Adoptium"/>
    <property name="sun.arch.data.model" value="64"/>
    <property name="user.variant" value=""/>
    <property name="java.vendor.url" value="https://adoptium.net/"/>
    <property name="user.timezone" value="Asia/Calcutta"/>
    <property name="os.name" value="Windows 11"/>
    <property name="java.vm.specification.version" value="17"/>
    <property name="sun.java.launcher" value="SUN_STANDARD"/>
    <property name="user.country" value="IN"/>
    <property name="sun.boot.library.path" value="D:\Softwares\eclipse-jee-2023-09-R-win32-x86_64\eclipse\plugins\org.eclipse.justj.openjdk.hotspot.jre.full.win32.x86_64_17.0.8.v20230831-1047\jre\bin"/>
    <property name="sun.java.command" value="C:\Users\prabh\AppData\Local\Temp\surefire3110396500115796921\surefirebooter14695647314215517162.jar C:\Users\prabh\AppData\Local\Temp\surefire3110396500115796921 2024-08-07T11-54-01_146-jvmRun1 surefire5922537435778787853tmp surefire_07979747853229106380tmp"/>
    <property name="jdk.debug" value="release"/>
    <property name="surefire.test.class.path" value="D:\eclipse_workspace\Spring\SpringInversrionOfControl\target\test-classes;D:\eclipse_workspace\Spring\SpringInversrionOfControl\target\classes;C:\Users\prabh\.m2\repository\junit\junit\4.11\junit-4.11.jar;C:\Users\prabh\.m2\repository\org\hamcrest\hamcrest-core\1.3\hamcrest-core-1.3.jar;C:\Users\prabh\.m2\repository\org\springframework\spring-context-support\6.1.0\spring-context-support-6.1.0.jar;C:\Users\prabh\.m2\repository\org\springframework\spring-beans\6.1.0\spring-beans-6.1.0.jar;C:\Users\prabh\.m2\repository\org\springframework\spring-context\6.1.0\spring-context-6.1.0.jar;C:\Users\prabh\.m2\repository\org\springframework\spring-aop\6.1.0\spring-aop-6.1.0.jar;C:\Users\prabh\.m2\repository\org\springframework\spring-expression\6.1.0\spring-expression-6.1.0.jar;C:\Users\prabh\.m2\repository\io\micrometer\micrometer-observation\1.12.0\micrometer-observation-1.12.0.jar;C:\Users\prabh\.m2\repository\io\micrometer\micrometer-commons\1.12.0\micrometer-commons-1.12.0.jar;C:\Users\prabh\.m2\repository\org\springframework\spring-core\6.1.0\spring-core-6.1.0.jar;C:\Users\prabh\.m2\repository\org\springframework\spring-jcl\6.1.0\spring-jcl-6.1.0.jar;"/>
    <property name="sun.cpu.endian" value="little"/>
    <property name="user.home" value="C:\Users\prabh"/>
    <property name="user.language" value="en"/>
    <property name="java.specification.vendor" value="Oracle Corporation"/>
    <property name="java.version.date" value="2023-08-24"/>
    <property name="java.home" value="D:\Softwares\eclipse-jee-2023-09-R-win32-x86_64\eclipse\plugins\org.eclipse.justj.openjdk.hotspot.jre.full.win32.x86_64_17.0.8.v20230831-1047\jre"/>
    <property name="file.separator" value="\"/>
    <property name="style.color" value="always"/>
    <property name="basedir" value="D:\eclipse_workspace\Spring\SpringInversrionOfControl"/>
    <property name="java.vm.compressedOopsMode" value="Zero based"/>
    <property name="line.separator" value="&#10;"/>
    <property name="java.vm.specification.vendor" value="Oracle Corporation"/>
    <property name="java.specification.name" value="Java Platform API Specification"/>
    <property name="surefire.real.class.path" value="C:\Users\prabh\AppData\Local\Temp\surefire3110396500115796921\surefirebooter14695647314215517162.jar"/>
    <property name="user.script" value=""/>
    <property name="sun.management.compiler" value="HotSpot 64-Bit Tiered Compilers"/>
    <property name="java.runtime.version" value="17.0.8.1+1"/>
    <property name="user.name" value="prabh"/>
    <property name="path.separator" value=";"/>
    <property name="os.version" value="10.0"/>
    <property name="java.runtime.name" value="OpenJDK Runtime Environment"/>
    <property name="file.encoding" value="Cp1252"/>
    <property name="java.vm.name" value="OpenJDK 64-Bit Server VM"/>
    <property name="java.vendor.version" value="Temurin-17.0.8.1+1"/>
    <property name="localRepository" value="C:\Users\prabh\.m2\repository"/>
    <property name="java.vendor.url.bug" value="https://github.com/adoptium/adoptium-support/issues"/>
    <property name="java.io.tmpdir" value="C:\Users\prabh\AppData\Local\Temp\"/>
    <property name="java.version" value="17.0.8.1"/>
    <property name="user.dir" value="D:\eclipse_workspace\Spring\SpringInversrionOfControl"/>
    <property name="os.arch" value="amd64"/>
    <property name="java.vm.specification.name" value="Java Virtual Machine Specification"/>
    <property name="sun.os.patch.level" value=""/>
    <property name="native.encoding" value="Cp1252"/>
    <property name="java.library.path" value="D:\Softwares\eclipse-jee-2023-09-R-win32-x86_64\eclipse\plugins\org.eclipse.justj.openjdk.hotspot.jre.full.win32.x86_64_17.0.8.v20230831-1047\jre\bin;C:\Windows\Sun\Java\bin;C:\Windows\system32;C:\Windows;D:/Softwares/eclipse-jee-2023-09-R-win32-x86_64/eclipse//plugins/org.eclipse.justj.openjdk.hotspot.jre.full.win32.x86_64_17.0.8.v20230831-1047/jre/bin/server;D:/Softwares/eclipse-jee-2023-09-R-win32-x86_64/eclipse//plugins/org.eclipse.justj.openjdk.hotspot.jre.full.win32.x86_64_17.0.8.v20230831-1047/jre/bin;C:\Windows\system32;C:\Windows;C:\Windows\System32\Wbem;C:\Windows\System32\WindowsPowerShell\v1.0\;C:\Windows\System32\OpenSSH\;C:\Program Files (x86)\NVIDIA Corporation\PhysX\Common;C:\Program Files\NVIDIA Corporation\NVIDIA NvDLISR;C:\Users\prabh\AppData\Local\Microsoft\WindowsApps;D:\Softwares\openlogic-openjdk-17.0.8+7-windows-x64\openlogic-openjdk-17.0.8+7-windows-x64\bin;D:\Softwares\apache-maven-3.8.8\bin;;D:\Softwares\eclipse-jee-2023-09-R-win32-x86_64\eclipse;;."/>
    <property name="java.vm.info" value="mixed mode"/>
    <property name="java.vendor" value="Eclipse Adoptium"/>
    <property name="java.vm.version" value="17.0.8.1+1"/>
    <property name="sun.io.unicode.encoding" value="UnicodeLittle"/>
    <property name="java.class.version" value="61.0"/>
  </properties>
  <testcase name="shouldAnswerWithTrue" classname="com.seleniumexpress.spring.SpringInversrionOfControl.AppTest" time="0.001"/>
</testsuite>